Watching for file changes with StatReloader
Performing system checks...

System check identified some issues:

WARNINGS:
todos.Todo: (models.W042) Auto-created primary key used when not defining a primary key type, by default 'django.db.models.AutoField'.
	HINT: Configure the DEFAULT_AUTO_FIELD setting or the TodosConfig.default_auto_field attribute to point to a subclass of AutoField, e.g. 'django.db.models.BigAutoField'.

System check identified 1 issue (0 silenced).
August 28, 2023 - 18:46:18
Django version 4.2.4, using settings 'todoApp.settings'
Starting development server at http://0.0.0.0:8000/
Quit the server with CONTROL-C.

Watching for file changes with StatReloader
Performing system checks...

System check identified some issues:

WARNINGS:
todos.Todo: (models.W042) Auto-created primary key used when not defining a primary key type, by default 'django.db.models.AutoField'.
	HINT: Configure the DEFAULT_AUTO_FIELD setting or the TodosConfig.default_auto_field attribute to point to a subclass of AutoField, e.g. 'django.db.models.BigAutoField'.

System check identified 1 issue (0 silenced).
August 28, 2023 - 18:46:31
Django version 4.2.4, using settings 'todoApp.settings'
Starting development server at http://0.0.0.0:8000/
Quit the server with CONTROL-C.

[28/Aug/2023 18:46:45] "GET /todos/ HTTP/1.1" 200 3515
[28/Aug/2023 18:46:55] "POST /todos/add/ HTTP/1.1" 302 0
[28/Aug/2023 18:46:56] "GET /todos/ HTTP/1.1" 200 4093
[28/Aug/2023 19:33:17] "GET /todos/ HTTP/1.1" 200 4093
[28/Aug/2023 19:33:17] "GET /static/css/style.css HTTP/1.1" 304 0
[28/Aug/2023 19:33:25] "POST /todos/add/ HTTP/1.1" 302 0
[28/Aug/2023 19:33:25] "GET /todos/ HTTP/1.1" 200 4673
[28/Aug/2023 19:58:05] "GET / HTTP/1.1" 302 0
[28/Aug/2023 19:58:06] "GET /todos/ HTTP/1.1" 200 4673
[28/Aug/2023 19:58:06] "GET /static/css/style.css HTTP/1.1" 304 0
Not Found: /api
[28/Aug/2023 19:58:16] "GET /api HTTP/1.1" 404 2577
Not Found: /api
[28/Aug/2023 19:58:18] "GET /api HTTP/1.1" 404 2577
[28/Aug/2023 20:10:04] "GET / HTTP/1.1" 302 0
[28/Aug/2023 20:10:05] "GET /todos/ HTTP/1.1" 200 4673
[28/Aug/2023 20:10:07] "GET /static/css/style.css HTTP/1.1" 304 0
